# JRE version: Java(TM) SE Runtime Environment (8.0-b132) (build 1.8.0-b132)
# Java VM: Java HotSpot(TM) 64-Bit Server VM (25.0-b70 mixed mode windows-amd64 compressed oops)
Heap:
 PSYoungGen      total 5632K, used 2349K [0x00000000eb200000, 0x00000000eb900000, 0x0000000100000000)
  eden space 4096K, 20% used [0x00000000eb200000,0x00000000eb2ceaa8,0x00000000eb600000)
  from space 1536K, 99% used [0x00000000eb780000,0x00000000eb8fca20,0x00000000eb900000)
  to   space 1536K, 0% used [0x00000000eb600000,0x00000000eb600000,0x00000000eb780000)
 ParOldGen       total 64000K, used 3095K [0x00000000c1600000, 0x00000000c5480000, 0x00000000eb200000)
  object space 64000K, 4% used [0x00000000c1600000,0x00000000c1905d28,0x00000000c5480000)
 Metaspace       used 17791K, capacity 18018K, committed 18176K, reserved 1064960K
  class space    used 2214K, capacity 2281K, committed 2304K, reserved 1048576K
GC Heap History (10 events):
Event: 1.107 GC heap before
{Heap before GC invocations=4 (full 0):
 PSYoungGen      total 1536K, used 1504K [0x00000000eb200000, 0x00000000eb500000, 0x0000000100000000)
  eden space 1024K, 100% used [0x00000000eb200000,0x00000000eb300000,0x00000000eb300000)
  from space 512K, 93% used [0x00000000eb300000,0x00000000eb378020,0x00000000eb380000)
  to   space 512K, 0% used [0x00000000eb480000,0x00000000eb480000,0x00000000eb500000)
 ParOldGen       total 64000K, used 800K [0x00000000c1600000, 0x00000000c5480000, 0x00000000eb200000)
  object space 64000K, 1% used [0x00000000c1600000,0x00000000c16c8000,0x00000000c5480000)
 Metaspace       used 9593K, capacity 9718K, committed 9856K, reserved 1058816K
  class space    used 1248K, capacity 1295K, committed 1408K, reserved 1048576K
Event: 1.115 GC heap after
Heap after GC invocations=4 (full 0):
 PSYoungGen      total 2560K, used 512K [0x00000000eb200000, 0x00000000eb500000, 0x0000000100000000)
  eden space 2048K, 0% used [0x00000000eb200000,0x00000000eb200000,0x00000000eb400000)
  from space 512K, 100% used [0x00000000eb480000,0x00000000eb500000,0x00000000eb500000)
  to   space 512K, 0% used [0x00000000eb400000,0x00000000eb400000,0x00000000eb480000)
 ParOldGen       total 64000K, used 1248K [0x00000000c1600000, 0x00000000c5480000, 0x00000000eb200000)
  object space 64000K, 1% used [0x00000000c1600000,0x00000000c1738050,0x00000000c5480000)
 Metaspace       used 9593K, capacity 9718K, committed 9856K, reserved 1058816K
  class space    used 1248K, capacity 1295K, committed 1408K, reserved 1048576K
}
Event: 1.503 GC heap before
{Heap before GC invocations=5 (full 0):
 PSYoungGen      total 2560K, used 2560K [0x00000000eb200000, 0x00000000eb500000, 0x0000000100000000)
  eden space 2048K, 100% used [0x00000000eb200000,0x00000000eb400000,0x00000000eb400000)
  from space 512K, 100% used [0x00000000eb480000,0x00000000eb500000,0x00000000eb500000)
  to   space 512K, 0% used [0x00000000eb400000,0x00000000eb400000,0x00000000eb480000)
 ParOldGen       total 64000K, used 1248K [0x00000000c1600000, 0x00000000c5480000, 0x00000000eb200000)
  object space 64000K, 1% used [0x00000000c1600000,0x00000000c1738050,0x00000000c5480000)
 Metaspace       used 12075K, capacity 12270K, committed 12416K, reserved 1060864K
  class space    used 1561K, capacity 1623K, committed 1664K, reserved 1048576K
Event: 1.511 GC heap after
Heap after GC invocations=5 (full 0):
 PSYoungGen      total 2560K, used 512K [0x00000000eb200000, 0x00000000eb900000, 0x0000000100000000)
  eden space 2048K, 0% used [0x00000000eb200000,0x00000000eb200000,0x00000000eb400000)
  from space 512K, 100% used [0x00000000eb400000,0x00000000eb480000,0x00000000eb480000)
  to   space 1536K, 0% used [0x00000000eb780000,0x00000000eb780000,0x00000000eb900000)
 ParOldGen       total 64000K, used 1802K [0x00000000c1600000, 0x00000000c5480000, 0x00000000eb200000)
  object space 64000K, 2% used [0x00000000c1600000,0x00000000c17c2b00,0x00000000c5480000)
 Metaspace       used 12075K, capacity 12270K, committed 12416K, reserved 1060864K
  class space    used 1561K, capacity 1623K, committed 1664K, reserved 1048576K
}
Event: 1.646 GC heap before
{Heap before GC invocations=6 (full 0):
 PSYoungGen      total 2560K, used 2560K [0x00000000eb200000, 0x00000000eb900000, 0x0000000100000000)
  eden space 2048K, 100% used [0x00000000eb200000,0x00000000eb400000,0x00000000eb400000)
  from space 512K, 100% used [0x00000000eb400000,0x00000000eb480000,0x00000000eb480000)
  to   space 1536K, 0% used [0x00000000eb780000,0x00000000eb780000,0x00000000eb900000)
 ParOldGen       total 64000K, used 1802K [0x00000000c1600000, 0x00000000c5480000, 0x00000000eb200000)
  object space 64000K, 2% used [0x00000000c1600000,0x00000000c17c2b00,0x00000000c5480000)
 Metaspace       used 12666K, capacity 12882K, committed 13056K, reserved 1060864K
  class space    used 1639K, capacity 1723K, committed 1792K, reserved 1048576K
Event: 1.653 GC heap after
Heap after GC invocations=6 (full 0):
 PSYoungGen      total 5632K, used 1158K [0x00000000eb200000, 0x00000000eb900000, 0x0000000100000000)
  eden space 4096K, 0% used [0x00000000eb200000,0x00000000eb200000,0x00000000eb600000)
  from space 1536K, 75% used [0x00000000eb780000,0x00000000eb8a1850,0x00000000eb900000)
  to   space 1536K, 0% used [0x00000000eb600000,0x00000000eb600000,0x00000000eb780000)
 ParOldGen       total 64000K, used 1810K [0x00000000c1600000, 0x00000000c5480000, 0x00000000eb200000)
  object space 64000K, 2% used [0x00000000c1600000,0x00000000c17c4b00,0x00000000c5480000)
 Metaspace       used 12666K, capacity 12882K, committed 13056K, reserved 1060864K
  class space    used 1639K, capacity 1723K, committed 1792K, reserved 1048576K
}
Event: 2.061 GC heap before
{Heap before GC invocations=7 (full 0):
 PSYoungGen      total 5632K, used 5254K [0x00000000eb200000, 0x00000000eb900000, 0x0000000100000000)
  eden space 4096K, 100% used [0x00000000eb200000,0x00000000eb600000,0x00000000eb600000)
  from space 1536K, 75% used [0x00000000eb780000,0x00000000eb8a1850,0x00000000eb900000)
  to   space 1536K, 0% used [0x00000000eb600000,0x00000000eb600000,0x00000000eb780000)
 ParOldGen       total 64000K, used 1810K [0x00000000c1600000, 0x00000000c5480000, 0x00000000eb200000)
  object space 64000K, 2% used [0x00000000c1600000,0x00000000c17c4b00,0x00000000c5480000)
 Metaspace       used 15416K, capacity 15634K, committed 15872K, reserved 1062912K
  class space    used 1958K, capacity 2043K, committed 2048K, reserved 1048576K
Event: 2.073 GC heap after
Heap after GC invocations=7 (full 0):
 PSYoungGen      total 5632K, used 1518K [0x00000000eb200000, 0x00000000eb900000, 0x0000000100000000)
  eden space 4096K, 0% used [0x00000000eb200000,0x00000000eb200000,0x00000000eb600000)
  from space 1536K, 98% used [0x00000000eb600000,0x00000000eb77bb78,0x00000000eb780000)
  to   space 1536K, 0% used [0x00000000eb780000,0x00000000eb780000,0x00000000eb900000)
 ParOldGen       total 64000K, used 2265K [0x00000000c1600000, 0x00000000c5480000, 0x00000000eb200000)
  object space 64000K, 3% used [0x00000000c1600000,0x00000000c1836500,0x00000000c5480000)
 Metaspace       used 15416K, capacity 15634K, committed 15872K, reserved 1062912K
  class space    used 1958K, capacity 2043K, committed 2048K, reserved 1048576K
}
Event: 2.586 GC heap before
{Heap before GC invocations=8 (full 0):
 PSYoungGen      total 5632K, used 5614K [0x00000000eb200000, 0x00000000eb900000, 0x0000000100000000)
  eden space 4096K, 100% used [0x00000000eb200000,0x00000000eb600000,0x00000000eb600000)
  from space 1536K, 98% used [0x00000000eb600000,0x00000000eb77bb78,0x00000000eb780000)
  to   space 1536K, 0% used [0x00000000eb780000,0x00000000eb780000,0x00000000eb900000)
 ParOldGen       total 64000K, used 2265K [0x00000000c1600000, 0x00000000c5480000, 0x00000000eb200000)
  object space 64000K, 3% used [0x00000000c1600000,0x00000000c1836500,0x00000000c5480000)
 Metaspace       used 17621K, capacity 17794K, committed 18176K, reserved 1064960K
  class space    used 2196K, capacity 2249K, committed 2304K, reserved 1048576K
Event: 2.597 GC heap after
Heap after GC invocations=8 (full 0):
 PSYoungGen      total 5632K, used 1522K [0x00000000eb200000, 0x00000000eb900000, 0x0000000100000000)
  eden space 4096K, 0% used [0x00000000eb200000,0x00000000eb200000,0x00000000eb600000)
  from space 1536K, 99% used [0x00000000eb780000,0x00000000eb8fca20,0x00000000eb900000)
  to   space 1536K, 0% used [0x00000000eb600000,0x00000000eb600000,0x00000000eb780000)
 ParOldGen       total 64000K, used 3095K [0x00000000c1600000, 0x00000000c5480000, 0x00000000eb200000)
  object space 64000K, 4% used [0x00000000c1600000,0x00000000c1905d28,0x00000000c5480000)
 Metaspace       used 17621K, capacity 17794K, committed 18176K, reserved 1064960K
  class space    used 2196K, capacity 2249K, committed 2304K, reserved 1048576K
}

